2025-09-06 09:02:54 - User 1: Updated user - User ID: 1
2025-09-06 17:32:23 - User 1: User logged out - 
2025-09-06 17:33:14 - User 1: Changed password - 
2025-09-06 17:34:57 - User 1: User logged out - 
2025-09-06 17:36:13 - User 1: User logged out - 
2025-09-06 17:41:55 - User 1: User logged out - 
2025-09-06 17:58:27 - User 1: User logged out - 
2025-09-07 10:43:40 - User 1: User logged out - 
2025-09-07 10:45:22 - User 1: Added user - Username: faraz
2025-09-07 10:45:31 - User 1: User logged out - 
2025-09-07 10:45:56 - User 2: User logged out - 
2025-09-08 14:33:14 - User 1: User logged out - 
2025-09-08 14:34:16 - User 1: User logged out - 
2025-09-08 14:35:54 - User 1: Updated stock - Product ID: 5, New Stock: 10, Reason: Stock Received
2025-09-08 14:36:35 - User 1: User logged out - 
2025-09-08 14:36:48 - User 2: User logged out - 
2025-09-09 07:46:53 - User 1: User logged out - 
2025-10-09 13:52:20 - User 1: User logged out - 
2025-10-09 14:36:12 - User 1: User logged out - 
2025-10-15 13:22:35 - User 1: Added product - Product: Panadol
2025-10-15 13:24:15 - User 1: Updated product - Product ID: 4
2025-10-16 12:05:44 - User 1: Deleted product - Product ID: 0
2025-10-16 12:05:53 - User 1: Deleted product - Product ID: 0
2025-10-16 12:10:12 - User 1: Added product - Product: Panadol
2025-10-16 12:12:32 - User 1: Deleted product - Product ID: 0
2025-10-16 12:12:43 - User 1: Deleted product - Product ID: 0
2025-10-16 12:30:32 - User 1: Deleted product - Product ID: 7
2025-10-16 12:43:40 - User 1: Deleted product - Product ID: 0
2025-10-16 12:43:48 - User 1: Deleted product - Product ID: 0
2025-10-16 12:55:38 - User 1: Deleted product - Product ID: 0
2025-10-16 12:59:42 - User 1: Deleted product - Product ID: 0
2025-10-16 13:37:27 - User 1: Added product - Product: Panadol
2025-10-16 13:45:59 - User 1: Disabled product - Product ID: 6
2025-10-16 13:46:31 - User 1: Soft-deleted (disabled) product - Product ID: 6
2025-10-16 13:50:18 - User 1: Soft-deleted (disabled) product - Product ID: 6
2025-10-16 13:53:27 - User 1: Soft-deleted (disabled) product - Product ID: 8
2025-10-16 13:53:40 - User 1: Enabled product - Product ID: 8
2025-10-16 13:59:26 - User 1: Soft-deleted (disabled) product - Product ID: 8
2025-10-16 14:10:01 - User 1: Added product - Product: surbexZ
2025-10-16 14:10:49 - User 1: Added product - Product: surbexZ
2025-10-16 14:21:35 - User 1: Soft-deleted (disabled) product - Product ID: 10
2025-10-16 14:21:41 - User 1: Soft-deleted (disabled) product - Product ID: 9
2025-10-16 14:23:06 - User 1: Added product - Product: amonium cloride
2025-10-16 14:54:22 - User 1: Updated stock - Product ID: 2, New Stock: 80, Reason: Stock Received
2025-10-16 15:21:50 - User 1: Added product - Product: Hello
2025-10-16 15:21:59 - User 1: Soft-deleted (disabled) product - Product ID: 12
2025-10-16 15:33:34 - User 1: User logged out - 
2025-10-16 15:35:48 - User 1: Updated stock - Product ID: 12, New Stock: 4, Reason: Stock Adjustment
2025-10-16 15:36:57 - User 1: Updated stock - Product ID: 12, New Stock: 10, Reason: Stock Received
2025-10-16 16:06:11 - User 1: Added product - Product: mtk
2025-10-16 18:07:43 - User 1: Added product - Product: Hello
2025-10-16 18:19:54 - User 1: User logged out - 
2025-10-17 10:03:29 - User 1: Soft-deleted (disabled) product - Product ID: 13
2025-10-17 10:03:48 - User 1: User logged out - 
2025-10-17 10:11:03 - User 1: User logged out - 
2025-10-17 10:26:17 - User 1: User logged out - 
2025-10-17 12:31:26 - User 1: Added product - Product: Sample Product
2025-10-17 12:32:10 - User 1: Added product - Product: Sample Product 3
